TN:
SF:Articulo/Articulo.js
FN:2,(anonymous_0)
FN:15,(anonymous_1)
FN:19,(anonymous_2)
FN:23,(anonymous_3)
FN:27,(anonymous_4)
FN:31,(anonymous_5)
FN:35,(anonymous_6)
FN:39,(anonymous_7)
FN:43,(anonymous_8)
FN:47,(anonymous_9)
FN:51,(anonymous_10)
FN:55,(anonymous_11)
FN:59,(anonymous_12)
FN:63,(anonymous_13)
FN:67,(anonymous_14)
FN:71,(anonymous_15)
FNF:16
FNH:15
FNDA:43,(anonymous_0)
FNDA:15,(anonymous_1)
FNDA:32,(anonymous_2)
FNDA:66,(anonymous_3)
FNDA:32,(anonymous_4)
FNDA:2,(anonymous_5)
FNDA:0,(anonymous_6)
FNDA:14,(anonymous_7)
FNDA:2,(anonymous_8)
FNDA:2,(anonymous_9)
FNDA:2,(anonymous_10)
FNDA:11,(anonymous_11)
FNDA:10,(anonymous_12)
FNDA:3,(anonymous_13)
FNDA:2,(anonymous_14)
FNDA:2,(anonymous_15)
DA:3,43
DA:4,1
DA:6,42
DA:7,42
DA:8,42
DA:9,42
DA:10,42
DA:11,42
DA:16,15
DA:20,32
DA:24,66
DA:28,32
DA:32,2
DA:36,0
DA:40,14
DA:44,2
DA:48,2
DA:52,2
DA:56,11
DA:60,10
DA:64,3
DA:68,2
DA:72,2
DA:77,6
LF:24
LH:23
BRDA:3,0,0,1
BRDA:3,0,1,42
BRF:2
BRH:2
end_of_record
TN:
SF:Articulo/ArticuloPoster.js
FN:3,(anonymous_0)
FN:8,(anonymous_1)
FN:12,(anonymous_2)
FN:16,(anonymous_3)
FNF:4
FNH:4
FNDA:10,(anonymous_0)
FNDA:1,(anonymous_1)
FNDA:1,(anonymous_2)
FNDA:3,(anonymous_3)
DA:1,2
DA:4,10
DA:5,10
DA:9,1
DA:13,1
DA:17,3
DA:21,2
LF:7
LH:7
BRF:0
BRH:0
end_of_record
TN:
SF:Articulo/ArticuloRegular.js
FN:3,(anonymous_0)
FN:11,(anonymous_1)
FN:15,(anonymous_2)
FN:19,(anonymous_3)
FNF:4
FNH:4
FNDA:32,(anonymous_0)
FNDA:1,(anonymous_1)
FNDA:1,(anonymous_2)
FNDA:10,(anonymous_3)
DA:1,6
DA:4,32
DA:5,32
DA:6,1
DA:8,31
DA:12,1
DA:16,1
DA:20,10
DA:24,6
LF:9
LH:9
BRDA:5,0,0,1
BRDA:5,0,1,31
BRF:2
BRH:2
end_of_record
TN:
SF:Conferencia/Conferencia.js
FN:2,(anonymous_0)
FN:8,(anonymous_1)
FN:12,(anonymous_2)
FN:16,(anonymous_3)
FN:20,(anonymous_4)
FNF:5
FNH:4
FNDA:2,(anonymous_0)
FNDA:1,(anonymous_1)
FNDA:2,(anonymous_2)
FNDA:0,(anonymous_3)
FNDA:1,(anonymous_4)
DA:3,2
DA:4,2
DA:5,2
DA:9,1
DA:13,2
DA:17,0
DA:21,1
DA:25,1
LF:8
LH:7
BRF:0
BRH:0
end_of_record
TN:
SF:Conferencia/Sesion/GestionRevisiones.js
FN:2,(anonymous_0)
FN:13,(anonymous_1)
FN:14,(anonymous_2)
FN:15,(anonymous_3)
FNF:4
FNH:4
FNDA:32,(anonymous_0)
FNDA:32,(anonymous_1)
FNDA:62,(anonymous_2)
FNDA:62,(anonymous_3)
DA:3,32
DA:5,32
DA:6,0
DA:8,32
DA:9,32
DA:14,62
DA:15,62
DA:19,4
LF:8
LH:7
BRDA:5,0,0,0
BRDA:5,0,1,32
BRF:2
BRH:1
end_of_record
TN:
SF:Conferencia/Sesion/Revision.js
FN:2,(anonymous_0)
FN:11,(anonymous_1)
FNF:2
FNH:2
FNDA:27,(anonymous_0)
FNDA:62,(anonymous_1)
DA:3,27
DA:4,1
DA:7,26
DA:8,26
DA:12,62
DA:16,3
LF:6
LH:6
BRDA:3,0,0,1
BRDA:3,0,1,26
BRDA:3,1,0,27
BRDA:3,1,1,26
BRF:4
BRH:4
end_of_record
TN:
SF:Conferencia/Sesion/Sesion.js
FN:3,(anonymous_0)
FN:21,(anonymous_1)
FN:25,(anonymous_2)
FN:29,(anonymous_3)
FN:33,(anonymous_4)
FN:37,(anonymous_5)
FN:41,(anonymous_6)
FN:45,(anonymous_7)
FN:49,(anonymous_8)
FN:53,(anonymous_9)
FN:57,(anonymous_10)
FN:61,(anonymous_11)
FN:67,(anonymous_12)
FN:68,(anonymous_13)
FN:74,(anonymous_14)
FN:78,(anonymous_15)
FNF:16
FNH:10
FNDA:31,(anonymous_0)
FNDA:2,(anonymous_1)
FNDA:1,(anonymous_2)
FNDA:0,(anonymous_3)
FNDA:16,(anonymous_4)
FNDA:12,(anonymous_5)
FNDA:0,(anonymous_6)
FNDA:0,(anonymous_7)
FNDA:6,(anonymous_8)
FNDA:1,(anonymous_9)
FNDA:13,(anonymous_10)
FNDA:16,(anonymous_11)
FNDA:0,(anonymous_12)
FNDA:0,(anonymous_13)
FNDA:0,(anonymous_14)
FNDA:1,(anonymous_15)
DA:1,5
DA:4,31
DA:5,0
DA:7,31
DA:8,0
DA:10,31
DA:11,0
DA:13,31
DA:14,31
DA:15,31
DA:16,31
DA:17,31
DA:18,31
DA:22,2
DA:26,1
DA:30,0
DA:34,16
DA:38,12
DA:42,0
DA:46,0
DA:50,6
DA:54,1
DA:58,13
DA:62,16
DA:63,1
DA:68,0
DA:69,0
DA:70,0
DA:75,0
DA:79,1
DA:83,5
LF:31
LH:21
BRDA:4,0,0,0
BRDA:4,0,1,31
BRDA:7,1,0,0
BRDA:7,1,1,31
BRDA:10,2,0,0
BRDA:10,2,1,31
BRDA:62,3,0,1
BRDA:62,3,1,15
BRDA:69,4,0,0
BRDA:69,4,1,0
BRDA:69,5,0,0
BRDA:69,5,1,0
BRF:12
BRH:5
end_of_record
TN:
SF:Conferencia/Sesion/SesionPoster.js
FN:4,(anonymous_0)
FNF:1
FNH:1
FNDA:3,(anonymous_0)
DA:1,2
DA:5,3
DA:6,1
DA:8,2
DA:12,2
LF:5
LH:5
BRDA:5,0,0,1
BRDA:5,0,1,2
BRF:2
BRH:2
end_of_record
TN:
SF:Conferencia/Sesion/SesionRegular.js
FN:4,(anonymous_0)
FNF:1
FNH:1
FNDA:10,(anonymous_0)
DA:1,4
DA:5,10
DA:6,1
DA:8,9
DA:13,4
LF:5
LH:5
BRDA:5,0,0,1
BRDA:5,0,1,9
BRF:2
BRH:2
end_of_record
TN:
SF:Conferencia/Sesion/SesionWorkshop.js
FN:4,(anonymous_0)
FNF:1
FNH:1
FNDA:2,(anonymous_0)
DA:1,1
DA:5,2
DA:9,1
LF:3
LH:3
BRF:0
BRH:0
end_of_record
TN:
SF:Conferencia/Sesion/Estados/Bidding.js
FN:5,(anonymous_0)
FN:9,(anonymous_1)
FN:13,(anonymous_2)
FNF:3
FNH:3
FNDA:8,(anonymous_0)
FNDA:1,(anonymous_1)
FNDA:6,(anonymous_2)
DA:1,5
DA:2,5
DA:6,8
DA:10,1
DA:14,6
DA:18,5
LF:6
LH:6
BRF:0
BRH:0
end_of_record
TN:
SF:Conferencia/Sesion/Estados/EstadoSesion.js
FN:2,(anonymous_0)
FN:6,(anonymous_1)
FN:10,(anonymous_2)
FN:14,(anonymous_3)
FN:18,(anonymous_4)
FNF:5
FNH:2
FNDA:0,(anonymous_0)
FNDA:2,(anonymous_1)
FNDA:1,(anonymous_2)
FNDA:0,(anonymous_3)
FNDA:0,(anonymous_4)
DA:3,0
DA:7,2
DA:11,1
DA:15,0
DA:19,0
DA:23,5
LF:6
LH:3
BRF:0
BRH:0
end_of_record
TN:
SF:Conferencia/Sesion/Estados/Recepcion.js
FN:6,(anonymous_0)
FN:10,(anonymous_1)
FNF:2
FNH:2
FNDA:2,(anonymous_0)
FNDA:14,(anonymous_1)
DA:1,5
DA:2,5
DA:7,2
DA:11,14
DA:15,5
LF:5
LH:5
BRF:0
BRH:0
end_of_record
TN:
SF:Conferencia/Sesion/Estados/Revision.js
FN:5,(anonymous_0)
FN:9,(anonymous_1)
FN:13,(anonymous_2)
FNF:3
FNH:3
FNDA:3,(anonymous_0)
FNDA:1,(anonymous_1)
FNDA:1,(anonymous_2)
DA:1,5
DA:2,5
DA:6,3
DA:10,1
DA:14,1
DA:18,5
LF:6
LH:6
BRF:0
BRH:0
end_of_record
TN:
SF:Conferencia/Sesion/Estados/Seleccion.js
FN:4,(anonymous_0)
FN:8,(anonymous_1)
FNF:2
FNH:2
FNDA:1,(anonymous_0)
FNDA:1,(anonymous_1)
DA:1,5
DA:5,1
DA:9,1
DA:13,5
LF:4
LH:4
BRF:0
BRH:0
end_of_record
TN:
SF:Seleccionador/Seleccionador.js
FN:2,(anonymous_0)
FNF:1
FNH:0
FNDA:0,(anonymous_0)
DA:3,0
DA:7,6
LF:2
LH:1
BRF:0
BRH:0
end_of_record
TN:
SF:Seleccionador/SeleccionadorCorteFijo.js
FN:4,(anonymous_0)
FN:12,(anonymous_1)
FN:14,(anonymous_2)
FNF:3
FNH:3
FNDA:7,(anonymous_0)
FNDA:1,(anonymous_1)
FNDA:5,(anonymous_2)
DA:1,6
DA:5,7
DA:6,7
DA:7,0
DA:9,7
DA:14,5
DA:16,1
DA:17,1
DA:21,6
LF:9
LH:8
BRDA:6,0,0,0
BRDA:6,0,1,7
BRF:2
BRH:1
end_of_record
TN:
SF:Seleccionador/SeleccionadorMejores.js
FN:4,(anonymous_0)
FN:9,(anonymous_1)
FN:10,(anonymous_2)
FNF:3
FNH:3
FNDA:2,(anonymous_0)
FNDA:1,(anonymous_1)
FNDA:4,(anonymous_2)
DA:1,2
DA:5,2
DA:6,2
DA:10,4
DA:14,2
LF:5
LH:5
BRF:0
BRH:0
end_of_record
TN:
SF:Usuario/Usuario.js
FN:2,(anonymous_0)
FNF:1
FNH:1
FNDA:19,(anonymous_0)
DA:3,19
DA:4,19
DA:5,19
DA:6,19
DA:7,19
DA:11,3
LF:6
LH:6
BRF:0
BRH:0
end_of_record
TN:
SF:Usuario/Autor/Autor.js
FN:4,(anonymous_0)
FN:8,(anonymous_1)
FN:12,(anonymous_2)
FN:24,(anonymous_3)
FN:27,(anonymous_4)
FNF:5
FNH:5
FNDA:12,(anonymous_0)
FNDA:11,(anonymous_1)
FNDA:11,(anonymous_2)
FNDA:4,(anonymous_3)
FNDA:2,(anonymous_4)
DA:1,2
DA:5,12
DA:9,11
DA:13,11
DA:14,11
DA:15,10
DA:16,1
DA:18,9
DA:20,1
DA:25,4
DA:26,4
DA:27,3
DA:28,2
DA:29,2
DA:30,2
DA:31,2
DA:32,1
DA:34,2
DA:35,1
DA:37,2
DA:42,3
DA:43,1
DA:46,1
DA:51,2
LF:24
LH:24
BRDA:14,0,0,10
BRDA:14,0,1,1
BRDA:15,1,0,1
BRDA:15,1,1,9
BRDA:26,2,0,3
BRDA:26,2,1,1
BRDA:28,3,0,2
BRDA:28,3,1,0
BRDA:31,4,0,1
BRDA:31,4,1,1
BRDA:34,5,0,1
BRDA:34,5,1,1
BRDA:42,6,0,1
BRDA:42,6,1,2
BRF:14
BRH:13
end_of_record
TN:
SF:Usuario/Revisor/NivelInteres.js
FN:2,(anonymous_0)
FN:6,(anonymous_1)
FN:10,(anonymous_2)
FNF:3
FNH:3
FNDA:3,(anonymous_0)
FNDA:2,(anonymous_1)
FNDA:2,(anonymous_2)
DA:3,3
DA:7,2
DA:11,2
DA:14,1
LF:4
LH:4
BRF:0
BRH:0
end_of_record
TN:
SF:Usuario/Revisor/Revisor.js
FN:6,(anonymous_0)
FN:10,(anonymous_1)
FN:12,(anonymous_2)
FN:28,(anonymous_3)
FNF:4
FNH:4
FNDA:7,(anonymous_0)
FNDA:5,(anonymous_1)
FNDA:4,(anonymous_2)
FNDA:1,(anonymous_3)
DA:1,2
DA:2,2
DA:3,2
DA:7,7
DA:11,5
DA:12,4
DA:13,4
DA:14,3
DA:15,3
DA:19,4
DA:20,1
DA:23,1
DA:29,1
DA:33,2
LF:14
LH:14
BRDA:11,0,0,4
BRDA:11,0,1,1
BRDA:13,1,0,3
BRDA:13,1,1,1
BRDA:19,2,0,1
BRDA:19,2,1,3
BRF:6
BRH:6
end_of_record
